[ INFO] [1403246301.750756]: ----- Starting RewriteObj (1.0.5648-D) 1403246301 -----
[DEBUG] [1403246301.750839]: Loading obj from c7130424fe904e71b69f4c5d02c55db3.obj
[DEBUG] [1403246302.363638]: ... starting writing chunk 0.  Num faces = 29157
[DEBUG] [1403246302.390192]: [addChunk] Number of faces = 29157. Number of vertices = 20250
[DEBUG] [1403246302.390227]: [addChunk] material name = c7130424fe904e71b69f4c5d02c55db3_000.jpg
[DEBUG] [1403246302.390244]: [addChunk] chunk name = chunk000
[DEBUG] [1403246302.392243]: ... starting writing chunk 1.  Num faces = 54491
[DEBUG] [1403246302.433592]: [addChunk] Number of faces = 54491. Number of vertices = 33933
[DEBUG] [1403246302.433621]: [addChunk] material name = c7130424fe904e71b69f4c5d02c55db3_001.jpg
[DEBUG] [1403246302.433637]: [addChunk] chunk name = chunk001
[DEBUG] [1403246302.436065]: ... starting writing chunk 2.  Num faces = 42668
[DEBUG] [1403246302.464245]: [addChunk] Number of faces = 42668. Number of vertices = 30622
[DEBUG] [1403246302.464274]: [addChunk] material name = c7130424fe904e71b69f4c5d02c55db3_002.jpg
[DEBUG] [1403246302.464289]: [addChunk] chunk name = chunk002
[DEBUG] [1403246302.465661]: ... starting writing chunk 3.  Num faces = 37055
[DEBUG] [1403246302.491885]: [addChunk] Number of faces = 37055. Number of vertices = 36956
[DEBUG] [1403246302.491913]: [addChunk] material name = c7130424fe904e71b69f4c5d02c55db3_003.jpg
[DEBUG] [1403246302.491929]: [addChunk] chunk name = chunk003
[DEBUG] [1403246302.493669]: ... starting writing chunk 4.  Num faces = 39520
[DEBUG] [1403246302.517788]: [addChunk] Number of faces = 39520. Number of vertices = 22854
[DEBUG] [1403246302.517816]: [addChunk] material name = c7130424fe904e71b69f4c5d02c55db3_004.jpg
[DEBUG] [1403246302.517832]: [addChunk] chunk name = chunk004
[DEBUG] [1403246302.519079]: ... starting writing chunk 5.  Num faces = 20016
[DEBUG] [1403246302.531287]: [addChunk] Number of faces = 20016. Number of vertices = 13212
[DEBUG] [1403246302.531313]: [addChunk] material name = c7130424fe904e71b69f4c5d02c55db3_005.jpg
[DEBUG] [1403246302.531329]: [addChunk] chunk name = chunk005
[DEBUG] [1403246302.552515]: Total faces stored = 222907, total vertices stored = 157827
[DEBUG] [1403246302.552552]: Outputting obj from binary format.
[DEBUG] [1403246302.558535]: 6 simple chunks, 0 v2 chunks
[DEBUG] [1403246302.558568]: 20250 29157 c7130424fe904e71b69f4c5d02c55db3_000.jpg
[DEBUG] [1403246302.558585]: 33933 54491 c7130424fe904e71b69f4c5d02c55db3_001.jpg
[DEBUG] [1403246302.558610]: 30622 42668 c7130424fe904e71b69f4c5d02c55db3_002.jpg
[DEBUG] [1403246302.558629]: 36956 37055 c7130424fe904e71b69f4c5d02c55db3_003.jpg
[DEBUG] [1403246302.558644]: 22854 39520 c7130424fe904e71b69f4c5d02c55db3_004.jpg
[DEBUG] [1403246302.558660]: 13212 20016 c7130424fe904e71b69f4c5d02c55db3_005.jpg
[DEBUG] [1403246302.558679]: convertToObjFormat
[DEBUG] [1403246302.558695]: offset = 0
[DEBUG] [1403246302.567999]: offset = 20250
[DEBUG] [1403246302.588992]: offset = 54183
[DEBUG] [1403246302.605919]: offset = 84805
[DEBUG] [1403246302.619153]: offset = 121761
[DEBUG] [1403246302.634297]: offset = 144615
[DEBUG] [1403246302.640967]: vertices = 157827, uv_coords = 157827, chunks = 6
[DEBUG] [1403246302.640992]: faces in chunk 0 c7130424fe904e71b69f4c5d02c55db3_000.jpg = 29157
[DEBUG] [1403246302.641008]: faces in chunk 1 c7130424fe904e71b69f4c5d02c55db3_001.jpg = 54491
[DEBUG] [1403246302.641024]: faces in chunk 2 c7130424fe904e71b69f4c5d02c55db3_002.jpg = 42668
[DEBUG] [1403246302.641039]: faces in chunk 3 c7130424fe904e71b69f4c5d02c55db3_003.jpg = 37055
[DEBUG] [1403246302.641055]: faces in chunk 4 c7130424fe904e71b69f4c5d02c55db3_004.jpg = 39520
[DEBUG] [1403246302.641070]: faces in chunk 5 c7130424fe904e71b69f4c5d02c55db3_005.jpg = 20016
[DEBUG] [1403246302.641357]: Random seed = 3177332980
[ INFO] [1403246303.905882]: ----- Finished RewriteObj (1.0.5648-D) 1403246301 -----
[ INFO] [1403246303.941277]: ----- Starting RewriteObj (1.0.5648-D) 1403246303 -----
[DEBUG] [1403246303.941349]: Loading obj from c7130424fe904e71b69f4c5d02c55db3.obj
[DEBUG] [1403246304.547306]: ... starting writing chunk 0.  Num faces = 29157
[DEBUG] [1403246304.570538]: [addChunk] Number of faces = 29157. Number of vertices = 20250
[DEBUG] [1403246304.570573]: [addChunk] material name = c7130424fe904e71b69f4c5d02c55db3_000.jpg
[DEBUG] [1403246304.570590]: [addChunk] chunk name = chunk000
[DEBUG] [1403246304.575692]: steps = 14711 10050 10215
[DEBUG] [1403246304.575718]: translation = -1.404785 -2.939453 -2.178223
[DEBUG] [1403246304.575735]: translation = -1.404785 -2.939453 -2.178223
[DEBUG] [1403246304.584075]: ... starting writing chunk 1.  Num faces = 54491
[DEBUG] [1403246304.616424]: [addChunk] Number of faces = 54491. Number of vertices = 33933
[DEBUG] [1403246304.616454]: [addChunk] material name = c7130424fe904e71b69f4c5d02c55db3_001.jpg
[DEBUG] [1403246304.616495]: [addChunk] chunk name = chunk001
[DEBUG] [1403246304.626224]: steps = 14798 10032 10888
[DEBUG] [1403246304.626251]: translation = -1.398438 -2.939453 -2.510742
[DEBUG] [1403246304.626268]: translation = -1.398438 -2.939453 -2.510742
[DEBUG] [1403246304.643320]: ... starting writing chunk 2.  Num faces = 42668
[DEBUG] [1403246304.667041]: [addChunk] Number of faces = 42668. Number of vertices = 30622
[DEBUG] [1403246304.667072]: [addChunk] material name = c7130424fe904e71b69f4c5d02c55db3_002.jpg
[DEBUG] [1403246304.667089]: [addChunk] chunk name = chunk002
[DEBUG] [1403246304.672722]: steps = 14703 10054 10976
[DEBUG] [1403246304.672747]: translation = -1.391113 -2.943848 -2.549805
[DEBUG] [1403246304.672764]: translation = -1.391113 -2.943848 -2.549805
[DEBUG] [1403246304.681380]: ... starting writing chunk 3.  Num faces = 37055
[DEBUG] [1403246304.703366]: [addChunk] Number of faces = 37055. Number of vertices = 36956
[DEBUG] [1403246304.703395]: [addChunk] material name = c7130424fe904e71b69f4c5d02c55db3_003.jpg
[DEBUG] [1403246304.703411]: [addChunk] chunk name = chunk003
[DEBUG] [1403246304.710519]: steps = 14818 10061 10954
[DEBUG] [1403246304.710545]: translation = -1.404785 -2.939941 -2.539062
[DEBUG] [1403246304.710562]: translation = -1.404785 -2.939941 -2.539062
[DEBUG] [1403246304.722234]: ... starting writing chunk 4.  Num faces = 39520
[DEBUG] [1403246304.741983]: [addChunk] Number of faces = 39520. Number of vertices = 22854
[DEBUG] [1403246304.742014]: [addChunk] material name = c7130424fe904e71b69f4c5d02c55db3_004.jpg
[DEBUG] [1403246304.742030]: [addChunk] chunk name = chunk004
[DEBUG] [1403246304.746552]: steps = 14795 10024 5720
[DEBUG] [1403246304.746577]: translation = -1.407227 -2.941406 -0.031250
[DEBUG] [1403246304.746594]: translation = -1.407227 -2.941406 -0.031250
[DEBUG] [1403246304.754427]: ... starting writing chunk 5.  Num faces = 20016
[DEBUG] [1403246304.764744]: [addChunk] Number of faces = 20016. Number of vertices = 13212
[DEBUG] [1403246304.764771]: [addChunk] material name = c7130424fe904e71b69f4c5d02c55db3_005.jpg
[DEBUG] [1403246304.764787]: [addChunk] chunk name = chunk005
[DEBUG] [1403246304.766966]: steps = 14803 9963 5821
[DEBUG] [1403246304.766991]: translation = -1.397949 -2.899414 -0.049805
[DEBUG] [1403246304.767008]: translation = -1.397949 -2.899414 -0.049805
[DEBUG] [1403246304.793745]: Total faces stored = 222907, total vertices stored = 157827
[DEBUG] [1403246304.793788]: Outputting obj from binary format.
[DEBUG] [1403246304.793816]: c7130424fe904e71b69f4c5d02c55db3_000.jpg chunk000
[DEBUG] [1403246304.796266]: UV quantization = 0.000122 8192.000000
[DEBUG] [1403246304.796750]: c7130424fe904e71b69f4c5d02c55db3_001.jpg chunk001
[DEBUG] [1403246304.801073]: UV quantization = 0.000122 8192.000000
[DEBUG] [1403246304.802596]: c7130424fe904e71b69f4c5d02c55db3_002.jpg chunk002
[DEBUG] [1403246304.806188]: UV quantization = 0.000122 8192.000000
[DEBUG] [1403246304.806850]: c7130424fe904e71b69f4c5d02c55db3_003.jpg chunk003
[DEBUG] [1403246304.810642]: UV quantization = 0.000122 8192.000000
[DEBUG] [1403246304.811535]: c7130424fe904e71b69f4c5d02c55db3_004.jpg chunk004
[DEBUG] [1403246304.814343]: UV quantization = 0.000122 8192.000000
[DEBUG] [1403246304.814861]: c7130424fe904e71b69f4c5d02c55db3_005.jpg chunk005
[DEBUG] [1403246304.816376]: UV quantization = 0.000122 8192.000000
[DEBUG] [1403246304.816681]: 0 simple chunks, 6 v2 chunks
[DEBUG] [1403246304.816704]: 20250 29157 c7130424fe904e71b69f4c5d02c55db3_000.jpg
[DEBUG] [1403246304.816720]: 33933 54491 c7130424fe904e71b69f4c5d02c55db3_001.jpg
[DEBUG] [1403246304.816736]: 30622 42668 c7130424fe904e71b69f4c5d02c55db3_002.jpg
[DEBUG] [1403246304.816751]: 36956 37055 c7130424fe904e71b69f4c5d02c55db3_003.jpg
[DEBUG] [1403246304.816766]: 22854 39520 c7130424fe904e71b69f4c5d02c55db3_004.jpg
[DEBUG] [1403246304.816781]: 13212 20016 c7130424fe904e71b69f4c5d02c55db3_005.jpg
[DEBUG] [1403246304.816801]: convertToObjFormat
[DEBUG] [1403246304.816816]: offset = 0
[DEBUG] [1403246304.825353]: offset = 20250
[DEBUG] [1403246304.843032]: offset = 54183
[DEBUG] [1403246304.858559]: offset = 84805
[DEBUG] [1403246304.871470]: offset = 121761
[DEBUG] [1403246304.886634]: offset = 144615
[DEBUG] [1403246304.893310]: vertices = 157827, uv_coords = 157827, chunks = 6
[DEBUG] [1403246304.893336]: faces in chunk 0 c7130424fe904e71b69f4c5d02c55db3_000.jpg = 29157
[DEBUG] [1403246304.893352]: faces in chunk 1 c7130424fe904e71b69f4c5d02c55db3_001.jpg = 54491
[DEBUG] [1403246304.893368]: faces in chunk 2 c7130424fe904e71b69f4c5d02c55db3_002.jpg = 42668
[DEBUG] [1403246304.893383]: faces in chunk 3 c7130424fe904e71b69f4c5d02c55db3_003.jpg = 37055
[DEBUG] [1403246304.893398]: faces in chunk 4 c7130424fe904e71b69f4c5d02c55db3_004.jpg = 39520
[DEBUG] [1403246304.893414]: faces in chunk 5 c7130424fe904e71b69f4c5d02c55db3_005.jpg = 20016
[DEBUG] [1403246304.893696]: Random seed = 3180193475
[ INFO] [1403246305.693074]: ----- Finished RewriteObj (1.0.5648-D) 1403246303 -----
